mode: set
github.com/royalcollaborator/go-test-api/main.go:12.13,19.2 6 0
github.com/royalcollaborator/go-test-api/bootstrap/app.go:7.24,11.2 3 0
github.com/royalcollaborator/go-test-api/bootstrap/env.go:15.20,20.16 4 0
github.com/royalcollaborator/go-test-api/bootstrap/env.go:20.16,22.3 1 0
github.com/royalcollaborator/go-test-api/bootstrap/env.go:24.2,25.16 2 0
github.com/royalcollaborator/go-test-api/bootstrap/env.go:25.16,27.3 1 0
github.com/royalcollaborator/go-test-api/bootstrap/env.go:29.2,29.33 1 0
github.com/royalcollaborator/go-test-api/bootstrap/env.go:29.33,31.3 1 0
github.com/royalcollaborator/go-test-api/bootstrap/env.go:33.2,33.13 1 0
github.com/royalcollaborator/go-test-api/domain/mock/trade_mock.go:31.69,35.2 3 0
github.com/royalcollaborator/go-test-api/domain/mock/trade_mock.go:38.67,40.2 1 0
github.com/royalcollaborator/go-test-api/domain/mock/trade_mock.go:43.92,50.2 6 0
github.com/royalcollaborator/go-test-api/domain/mock/trade_mock.go:53.74,56.2 2 0
github.com/royalcollaborator/go-test-api/route/rout_trade.go:13.91,20.2 3 0
github.com/royalcollaborator/go-test-api/route/route.go:11.72,14.2 2 0
github.com/royalcollaborator/go-test-api/domain/trade_service.go:11.108,14.16 3 0
github.com/royalcollaborator/go-test-api/domain/trade_service.go:14.16,16.3 1 0
github.com/royalcollaborator/go-test-api/domain/trade_service.go:17.2,21.16 4 0
github.com/royalcollaborator/go-test-api/domain/trade_service.go:21.16,23.3 1 0
github.com/royalcollaborator/go-test-api/domain/trade_service.go:25.2,28.16 3 0
github.com/royalcollaborator/go-test-api/domain/trade_service.go:28.16,30.3 1 0
github.com/royalcollaborator/go-test-api/domain/trade_service.go:32.2,32.35 1 0
github.com/royalcollaborator/go-test-api/api/controller/trade_controller.go:17.63,19.16 2 1
github.com/royalcollaborator/go-test-api/api/controller/trade_controller.go:19.16,21.3 1 1
github.com/royalcollaborator/go-test-api/api/controller/trade_controller.go:23.2,23.33 1 1
github.com/royalcollaborator/go-test-api/api/controller/trade_controller.go:23.33,25.3 1 1
github.com/royalcollaborator/go-test-api/api/controller/trade_controller.go:27.2,34.28 2 1
github.com/royalcollaborator/go-test-api/bootstrap/app.go:7.24,11.2 3 0
github.com/royalcollaborator/go-test-api/bootstrap/env.go:15.20,20.16 4 0
github.com/royalcollaborator/go-test-api/bootstrap/env.go:20.16,22.3 1 0
github.com/royalcollaborator/go-test-api/bootstrap/env.go:24.2,25.16 2 0
github.com/royalcollaborator/go-test-api/bootstrap/env.go:25.16,27.3 1 0
github.com/royalcollaborator/go-test-api/bootstrap/env.go:29.2,29.33 1 0
github.com/royalcollaborator/go-test-api/bootstrap/env.go:29.33,31.3 1 0
github.com/royalcollaborator/go-test-api/bootstrap/env.go:33.2,33.13 1 0
github.com/royalcollaborator/go-test-api/domain/trade_service.go:11.108,14.16 3 0
github.com/royalcollaborator/go-test-api/domain/trade_service.go:14.16,16.3 1 0
github.com/royalcollaborator/go-test-api/domain/trade_service.go:17.2,21.16 4 0
github.com/royalcollaborator/go-test-api/domain/trade_service.go:21.16,23.3 1 0
github.com/royalcollaborator/go-test-api/domain/trade_service.go:25.2,28.16 3 0
github.com/royalcollaborator/go-test-api/domain/trade_service.go:28.16,30.3 1 0
github.com/royalcollaborator/go-test-api/domain/trade_service.go:32.2,32.35 1 0
github.com/royalcollaborator/go-test-api/domain/mock/trade_mock.go:31.69,35.2 3 1
github.com/royalcollaborator/go-test-api/domain/mock/trade_mock.go:38.67,40.2 1 1
github.com/royalcollaborator/go-test-api/domain/mock/trade_mock.go:43.92,50.2 6 1
github.com/royalcollaborator/go-test-api/domain/mock/trade_mock.go:53.74,56.2 2 1
